<?xml version="1.0" encoding="UTF-8"?>
<!-- Generated by org.testng.reporters.JUnitReportReporter -->
<testsuite hostname="HSaber-LT" failures="0" tests="3" name="tests.TestTemp" time="13.590" errors="0" timestamp="2022-08-22T17:09:56 EET" skipped="0">
  <testcase classname="tests.TestTemp" name="AddToCart" time="4.909"/>
  <system-out/>
  <testcase classname="tests.TestTemp" name="Checkout" time="4.169"/>
  <system-out/>
  <testcase classname="tests.TestTemp" name="CheckBuyCat" time="4.512"/>
  <system-out/>
</testsuite> <!-- tests.TestTemp -->
